<?xml version="1.0" encoding="UTF-8"?>
<!-- Generated by org.testng.reporters.JUnitReportReporter -->
<testsuite hostname="DESKTOP-4UC7I3R" failures="0" tests="1" name="Login_Test" time="4.134" errors="0" timestamp="18 Nov 2022 07:26:43 GMT" skipped="0">
  <testcase classname="Login_Test" name="Login_successfully" time="4.134"/>
</testsuite> <!-- Login_Test -->
